<?xml version="1.0" encoding="UTF-8"?>
<!-- Generated by org.testng.reporters.JUnitReportReporter -->
<testsuite hostname="DESKTOP-BQRUMOD" failures="0" tests="1" name="com.automationTest.testCases.TC_Amazon_001" time="34.472" errors="0" timestamp="2022-05-23T01:57:40 PKT" skipped="0">
  <testcase classname="com.automationTest.testCases.TC_Amazon_001" name="AmazonAutomationTest" time="34.472"/>
  <system-out/>
</testsuite> <!-- com.automationTest.testCases.TC_Amazon_001 -->
